[17:34:53.02] /o sae_shell Version Custom Compiler P-2019.06
              /c Build  (OPT) compiled on Fri May 31 02:36:49 2019 for RHEL64 6.6
              /c Execution time: Fri Apr 17 17:34:30 2020
              /c Host: delllab.usfq.edu.ec
              /c 
              /c Copyright © 2004-2019 Synopsys, Inc.
              /c This software and the associated documentation are proprietary to Synopsys, Inc. This software may only be used in accordance with the terms and conditions of a written license agreement with Synopsys, Inc. All other use, reproduction, or distribution of this software is strictly prohibited.
              /c 
              /c 
[17:34:53.04] /o /usr/synopsys/customcompiler/P-2019.06/auxx/samples/basic
[17:34:53.04] /o /usr/synopsys/customcompiler/P-2019.06/auxx/samples/snpsDeviceLib
[17:34:53.04] /o /usr/synopsys/customcompiler/P-2019.06/auxx/samples/analogLib
[17:34:53.04] /o /usr/synopsys/customcompiler/P-2019.06/auxx/samples/parasitics
[17:34:53.05] /o /usr/synopsys/PDK/SAED_PDK90nm/SAED_PDK_90
[17:34:53.05] /o 	#######################################
[17:34:53.05] /o 	PDK Name		: SAED_PDK90
[17:34:53.05] /o 	PDK Process		: 90nm generic technology
[17:34:53.05] /o 	PDK Release Date	: 18-March-2015
[17:34:53.05] /o 	PDK Created Build	: H-2013.03
[17:34:53.05] /o 	#######################################
[17:34:53.05] /o 
[17:34:53.05] /w Warning: Preference 'leActiveLPP' is deprecated and scheduled for removal in a future release with no replacement. For migration assistance, see the Custom Compiler Tcl Reference Manual. (PREFERENCE-058)
[17:34:53.06] /o SAED PDK 90: Loaded callbacks
[17:34:53.06] /o SAED PDK 90: Loaded display resources
[17:34:53.06] /o /usr/synopsys/PDK/SAED_PDK32nm_v1p8/SAED_PDK_32_28
[17:34:53.07] /o 	############################################
[17:34:53.07] /o 	--------------------------------------------
[17:34:53.07] /o 	PDK Name................... : SAED_PDK_32_28
[17:34:53.07] /o 	PDK Release Date........... : 25-Jun-2015
[17:34:53.07] /o 	PDK Custom Designer Version : J-2014.12-2
[17:34:53.07] /o 	--------------------------------------------
[17:34:53.07] /o 	############################################
[17:34:53.07] /o 
[17:34:53.08] /i ::sa::_backgroundSaeShell::signalProcessReady 1587162869
[17:34:53.09] /o saeInterBGSaeShell:  ::sa::_backgroundSaeShell::processReady 24
[17:39:54.10] /o saeInterBGSaeShell:  ::sa::_backgroundSaeShell::pingBack
[17:39:54.20] /i ::sa::_backgroundSaeShell::parentRunning
[17:39:54.20] /o 1587163194
[17:42:14.46] /i ::sa::_backgroundSaeShell::runScript /home/dpazmino/simulation/mylibrary,AND4inTB,schematic/history_1/simulation/default/HSPICE/parametric/.bg_measurement_script.tcl sa::_resultsDatabase::saeShellProcessingCompletedProc testSuiteName saeSession0 testbenchName default resultsDir /home/dpazmino/simulation/mylibrary,AND4inTB,schematic/history_1/simulation/default/HSPICE/parametric/results testSuiteDir /home/dpazmino/simulation/mylibrary,AND4inTB,schematic/history_1/simulation/default/HSPICE/parametric databaseName /home/dpazmino/simulation/mylibrary,AND4inTB,schematic/history_1/simulation/default/HSPICE/parametric/resultsDatabase remoteRun {} testbenchId 1 saveImages true
[17:42:14.96] /m Information: Finished reading Simulation Check Results for testbench default
[17:42:15.02] /m Information: Start incremental database creation...
[17:42:15.11] /o saeInterBGSaeShell:  ::sa::_backgroundSaeShell::scriptFinished 0.6 {} sa::_resultsDatabase::saeShellProcessingCompletedProc testSuiteName saeSession0 testbenchName default resultsDir /home/dpazmino/simulation/mylibrary,AND4inTB,schematic/history_1/simulation/default/HSPICE/parametric/results testSuiteDir /home/dpazmino/simulation/mylibrary,AND4inTB,schematic/history_1/simulation/default/HSPICE/parametric databaseName /home/dpazmino/simulation/mylibrary,AND4inTB,schematic/history_1/simulation/default/HSPICE/parametric/resultsDatabase remoteRun {} testbenchId 1 saveImages true
[17:42:15.11] /o false
[17:44:03.92] /i ::sa::_backgroundSaeShell::runScript /home/dpazmino/simulation/mylibrary,AND4inTB,schematic/history_1/simulation/default/HSPICE/parametric/.bg_measurement_script.tcl sa::_resultsDatabase::saeShellProcessingCompletedProc testSuiteName saeSession0 testbenchName default resultsDir /home/dpazmino/simulation/mylibrary,AND4inTB,schematic/history_1/simulation/default/HSPICE/parametric/results testSuiteDir /home/dpazmino/simulation/mylibrary,AND4inTB,schematic/history_1/simulation/default/HSPICE/parametric databaseName /home/dpazmino/simulation/mylibrary,AND4inTB,schematic/history_1/simulation/default/HSPICE/parametric/resultsDatabase remoteRun {} testbenchId 1 saveImages true
[17:44:04.34] /m Information: Finished reading Simulation Check Results for testbench default
[17:44:04.38] /m Information: Start incremental database creation...
[17:44:04.47] /o saeInterBGSaeShell:  ::sa::_backgroundSaeShell::scriptFinished 0.5 {} sa::_resultsDatabase::saeShellProcessingCompletedProc testSuiteName saeSession0 testbenchName default resultsDir /home/dpazmino/simulation/mylibrary,AND4inTB,schematic/history_1/simulation/default/HSPICE/parametric/results testSuiteDir /home/dpazmino/simulation/mylibrary,AND4inTB,schematic/history_1/simulation/default/HSPICE/parametric databaseName /home/dpazmino/simulation/mylibrary,AND4inTB,schematic/history_1/simulation/default/HSPICE/parametric/resultsDatabase remoteRun {} testbenchId 1 saveImages true
[17:44:04.47] /o false
[17:46:49.61] /i ::sa::_backgroundSaeShell::runScript /home/dpazmino/simulation/mylibrary,AND4inTB,schematic/history_1/simulation/default/HSPICE/parametric/.bg_measurement_script.tcl sa::_resultsDatabase::saeShellProcessingCompletedProc testSuiteName saeSession0 testbenchName default resultsDir /home/dpazmino/simulation/mylibrary,AND4inTB,schematic/history_1/simulation/default/HSPICE/parametric/results testSuiteDir /home/dpazmino/simulation/mylibrary,AND4inTB,schematic/history_1/simulation/default/HSPICE/parametric databaseName /home/dpazmino/simulation/mylibrary,AND4inTB,schematic/history_1/simulation/default/HSPICE/parametric/resultsDatabase remoteRun {} testbenchId 1 saveImages true
[17:46:50.03] /m Information: Finished reading Simulation Check Results for testbench default
[17:46:50.06] /m Information: Start incremental database creation...
[17:46:50.10] /o saeInterBGSaeShell:  ::sa::_backgroundSaeShell::scriptFinished 0.4 {} sa::_resultsDatabase::saeShellProcessingCompletedProc testSuiteName saeSession0 testbenchName default resultsDir /home/dpazmino/simulation/mylibrary,AND4inTB,schematic/history_1/simulation/default/HSPICE/parametric/results testSuiteDir /home/dpazmino/simulation/mylibrary,AND4inTB,schematic/history_1/simulation/default/HSPICE/parametric databaseName /home/dpazmino/simulation/mylibrary,AND4inTB,schematic/history_1/simulation/default/HSPICE/parametric/resultsDatabase remoteRun {} testbenchId 1 saveImages true
[17:46:50.11] /o false
[17:49:49.56] /i ::sa::_backgroundSaeShell::runScript /home/dpazmino/simulation/mylibrary,AND4inTB,schematic/history_1/simulation/default/HSPICE/parametric/.bg_measurement_script.tcl sa::_resultsDatabase::saeShellProcessingCompletedProc testSuiteName saeSession0 testbenchName default resultsDir /home/dpazmino/simulation/mylibrary,AND4inTB,schematic/history_1/simulation/default/HSPICE/parametric/results testSuiteDir /home/dpazmino/simulation/mylibrary,AND4inTB,schematic/history_1/simulation/default/HSPICE/parametric databaseName /home/dpazmino/simulation/mylibrary,AND4inTB,schematic/history_1/simulation/default/HSPICE/parametric/resultsDatabase remoteRun {} testbenchId 1 saveImages true
[17:49:49.99] /m Information: Finished reading Simulation Check Results for testbench default
[17:49:50.02] /m Information: Start incremental database creation...
[17:49:50.08] /o saeInterBGSaeShell:  ::sa::_backgroundSaeShell::scriptFinished 0.5 {} sa::_resultsDatabase::saeShellProcessingCompletedProc testSuiteName saeSession0 testbenchName default resultsDir /home/dpazmino/simulation/mylibrary,AND4inTB,schematic/history_1/simulation/default/HSPICE/parametric/results testSuiteDir /home/dpazmino/simulation/mylibrary,AND4inTB,schematic/history_1/simulation/default/HSPICE/parametric databaseName /home/dpazmino/simulation/mylibrary,AND4inTB,schematic/history_1/simulation/default/HSPICE/parametric/resultsDatabase remoteRun {} testbenchId 1 saveImages true
[17:49:50.08] /o false
[17:50:18.80] /i ::sa::_backgroundSaeShell::exit
[17:50:18.80] /o saeInterBGSaeShell:  ::sa::_backgroundSaeShell::childFormallyExiting
