[17:42:33.28] /o sae_shell Version Custom Compiler P-2019.06
              /c Build  (OPT) compiled on Fri May 31 02:36:49 2019 for RHEL64 6.6
              /c Execution time: Fri Apr 17 17:42:15 2020
              /c Host: delllab.usfq.edu.ec
              /c 
              /c Copyright © 2004-2019 Synopsys, Inc.
              /c This software and the associated documentation are proprietary to Synopsys, Inc. This software may only be used in accordance with the terms and conditions of a written license agreement with Synopsys, Inc. All other use, reproduction, or distribution of this software is strictly prohibited.
              /c 
              /c 
[17:42:33.30] /o /usr/synopsys/customcompiler/P-2019.06/auxx/samples/basic
[17:42:33.30] /o /usr/synopsys/customcompiler/P-2019.06/auxx/samples/snpsDeviceLib
[17:42:33.30] /o /usr/synopsys/customcompiler/P-2019.06/auxx/samples/analogLib
[17:42:33.30] /o /usr/synopsys/customcompiler/P-2019.06/auxx/samples/parasitics
[17:42:33.31] /o /usr/synopsys/PDK/SAED_PDK90nm/SAED_PDK_90
[17:42:33.31] /o 	#######################################
[17:42:33.31] /o 	PDK Name		: SAED_PDK90
[17:42:33.31] /o 	PDK Process		: 90nm generic technology
[17:42:33.31] /o 	PDK Release Date	: 18-March-2015
[17:42:33.31] /o 	PDK Created Build	: H-2013.03
[17:42:33.31] /o 	#######################################
[17:42:33.31] /o 
[17:42:33.31] /w Warning: Preference 'leActiveLPP' is deprecated and scheduled for removal in a future release with no replacement. For migration assistance, see the Custom Compiler Tcl Reference Manual. (PREFERENCE-058)
[17:42:33.32] /o SAED PDK 90: Loaded callbacks
[17:42:33.32] /o SAED PDK 90: Loaded display resources
[17:42:33.32] /o /usr/synopsys/PDK/SAED_PDK32nm_v1p8/SAED_PDK_32_28
[17:42:33.33] /o 	############################################
[17:42:33.33] /o 	--------------------------------------------
[17:42:33.33] /o 	PDK Name................... : SAED_PDK_32_28
[17:42:33.33] /o 	PDK Release Date........... : 25-Jun-2015
[17:42:33.33] /o 	PDK Custom Designer Version : J-2014.12-2
[17:42:33.33] /o 	--------------------------------------------
[17:42:33.33] /o 	############################################
[17:42:33.33] /o 
[17:42:33.34] /i ::sa::_backgroundSaeShell::signalProcessReady 1587163334
[17:42:33.34] /o saeInterBGSaeShell:  ::sa::_backgroundSaeShell::processReady 19
[17:47:34.36] /o saeInterBGSaeShell:  ::sa::_backgroundSaeShell::pingBack
[17:47:34.50] /i ::sa::_backgroundSaeShell::parentRunning
[17:47:34.50] /o 1587163654
[17:50:18.80] /i ::sa::_backgroundSaeShell::exit
[17:50:18.80] /o saeInterBGSaeShell:  ::sa::_backgroundSaeShell::childFormallyExiting
